<?xml version="1.0" encoding="UTF-8"?>
<testng-results ignored="0" total="1" passed="1" failed="0" skipped="0">
  <reporter-output>
    <line>
      <![CDATA[Data Base Connected]]>
    </line>
    <line>
      <![CDATA[browser launch successfully]]>
    </line>
    <line>
      <![CDATA[logged in successfully]]>
    </line>
    <line>
      <![CDATA[Logged out successfully]]>
    </line>
    <line>
      <![CDATA[Browser Close successfully]]>
    </line>
    <line>
      <![CDATA[Data Base disconnected]]>
    </line>
  </reporter-output>
  <suite started-at="2023-09-29T12:02:53 IST" name="Default suite" finished-at="2023-09-29T12:03:16 IST" duration-ms="22809">
    <groups>
    </groups>
    <test started-at="2023-09-29T12:02:53 IST" name="Default test" finished-at="2023-09-29T12:03:16 IST" duration-ms="22809">
      <class name="com.Actitime.TestScript.CreateCustomer">
        <test-method is-config="true" signature="DataBaseConnection()[pri:0, instance:com.Actitime.TestScript.CreateCustomer@2de56eb2]" started-at="2023-09-29T12:02:53 IST" name="DataBaseConnection" finished-at="2023-09-29T12:02:53 IST" duration-ms="16" status="PASS">
          <reporter-output>
            <line>
              <![CDATA[Data Base Connected]]>
            </line>
          </reporter-output>
        </test-method> <!-- DataBaseConnection -->
        <test-method is-config="true" signature="LaunchBrowser()[pri:0, instance:com.Actitime.TestScript.CreateCustomer@2de56eb2]" started-at="2023-09-29T12:02:53 IST" name="LaunchBrowser" finished-at="2023-09-29T12:03:03 IST" duration-ms="9997" status="PASS">
          <reporter-output>
            <line>
              <![CDATA[browser launch successfully]]>
            </line>
          </reporter-output>
        </test-method> <!-- LaunchBrowser -->
        <test-method is-config="true" signature="LoginToActitime()[pri:0, instance:com.Actitime.TestScript.CreateCustomer@2de56eb2]" started-at="2023-09-29T12:03:03 IST" name="LoginToActitime" finished-at="2023-09-29T12:03:04 IST" duration-ms="301" status="PASS">
          <reporter-output>
            <line>
              <![CDATA[logged in successfully]]>
            </line>
          </reporter-output>
        </test-method> <!-- LoginToActitime -->
        <test-method signature="creatCustomer()[pri:0, instance:com.Actitime.TestScript.CreateCustomer@2de56eb2]" started-at="2023-09-29T12:03:04 IST" name="creatCustomer" finished-at="2023-09-29T12:03:14 IST" duration-ms="10281" status="PASS">
          <reporter-output>
          </reporter-output>
        </test-method> <!-- creatCustomer -->
        <test-method is-config="true" signature="LogOutToActitime()[pri:0, instance:com.Actitime.TestScript.CreateCustomer@2de56eb2]" started-at="2023-09-29T12:03:14 IST" name="LogOutToActitime" finished-at="2023-09-29T12:03:16 IST" duration-ms="2007" status="PASS">
          <reporter-output>
            <line>
              <![CDATA[Logged out successfully]]>
            </line>
          </reporter-output>
        </test-method> <!-- LogOutToActitime -->
        <test-method is-config="true" signature="CloseBrowser()[pri:0, instance:com.Actitime.TestScript.CreateCustomer@2de56eb2]" started-at="2023-09-29T12:03:16 IST" name="CloseBrowser" finished-at="2023-09-29T12:03:16 IST" duration-ms="184" status="PASS">
          <reporter-output>
            <line>
              <![CDATA[Browser Close successfully]]>
            </line>
          </reporter-output>
        </test-method> <!-- CloseBrowser -->
        <test-method is-config="true" signature="DataBaseDisconnected()[pri:0, instance:com.Actitime.TestScript.CreateCustomer@2de56eb2]" started-at="2023-09-29T12:03:16 IST" name="DataBaseDisconnected" finished-at="2023-09-29T12:03:16 IST" duration-ms="0" status="PASS">
          <reporter-output>
            <line>
              <![CDATA[Data Base disconnected]]>
            </line>
          </reporter-output>
        </test-method> <!-- DataBaseDisconnected -->
      </class> <!-- com.Actitime.TestScript.CreateCustomer -->
    </test> <!-- Default test -->
  </suite> <!-- Default suite -->
</testng-results>
